IQ-TREE multicore version 1.6.12 for Linux 64-bit built Aug 15 2019
Developed by Bui Quang Minh, Nguyen Lam Tung, Olga Chernomor,
Heiko Schmidt, Dominik Schrempf, Michael Woodhams.

Host:    c03n07.grace.hpc.yale.internal (AVX, 125 GB RAM)
Command: iqtree -s Rag-1.alignment.fasta -bb 1000 -nt AUTO
Seed:    346564 (Using SPRNG - Scalable Parallel Random Number Generator)
Time:    Sun Nov 29 14:55:31 2020
Kernel:  AVX - auto-detect threads (20 CPU cores detected)

Reading alignment file Rag-1.alignment.fasta ... Fasta format detected
Alignment most likely contains DNA/RNA sequences
Alignment has 42 sequences with 1467 columns, 459 distinct patterns
276 parsimony-informative, 170 singleton sites, 1021 constant sites
                                      Gap/Ambiguity  Composition  p-value
   1  Plethodon_neomexicanus_DQ995044.1       0.14%    passed     84.32%
   2  Plethodon_larselli_DQ995036.1           0.20%    passed     90.89%
   3  Plethodon_vehiculum_AY691716.1          0.14%    passed     93.08%
   4  Plethodon_vandykei_AY691715.1           0.00%    passed     99.29%
   5  Plethodon_elongatus_AY650120.1          0.00%    passed     92.13%
   6  Plethodon_idahoensis_DQ995031.1         0.20%    passed     99.81%
   7  Plethodon_hoffmani_DQ995029.1           0.07%    passed     97.14%
   8  Plethodon_cinereus_DQ995021.1           0.27%    passed     98.33%
   9  Plethodon_shenandoah_DQ995062.1         0.41%    passed     98.85%
  10  Plethodon_richmondi_DQ995054.1          0.00%    passed     93.49%
  11  Plethodon_jordani_DQ995032.1            0.00%    passed     99.98%
  12  Plethodon_hubrichti_DQ995030.1          0.00%    passed     94.48%
  13  Plethodon_kentucki_DQ995033.1           0.07%    passed     99.72%
  14  Plethodon_yonahlossee_AY691718.1        0.00%    passed     99.89%
  15  Plethodon_cylindraceus_DQ995022.1       0.27%    passed     99.98%
  16  Plethodon_serratus_DQ995057.1           0.00%    passed     99.10%
  17  Plethodon_ouachitae_AY691704.1          0.00%    passed     99.91%
  18  Plethodon_wehrlei_DQ995075.1            0.00%    passed     99.54%
  19  Plethodon_petraeus_DQ995049.1           0.00%    passed     99.62%
  20  Plethodon_dorsalis_DQ995023.1           0.00%    passed     97.69%
  21  Plethodon_websteri_DQ995073.1           0.00%    passed     99.38%
  22  Plethodon_welleri_AY691717.1            0.00%    passed     98.23%
  23  Plethodon_dunni_KF911900.1              6.07%    passed     82.08%
  24  Aneides_aeneus_AY691701.1               0.00%    passed     91.94%
  25  Aneides_hardii_EU275780.1               1.84%    passed     93.59%
  26  Plethodon_glutinosus_DQ995027.1         8.45%    passed     99.36%
  27  Aneides_lugubris_AY650118.1             0.07%    passed     91.79%
  28  Aneides_ferreus_EU275805.1              1.91%    passed     91.64%
  29  Aneides_hardii_KC165585.1               6.07%    passed     89.48%
  30  Aneides_aeneus_KF911883.1               6.07%    passed     85.96%
  31  Phaeognathus_hubrichti_AY691700.1       0.00%    passed     99.60%
  32  Desmognathus_fuscus_KR732372.1          0.27%    passed     89.84%
  33  Hydromantes_platycephalus_HM797656.1    4.70%    passed     90.76%
  34  Pseudotriton_ruber_AY650123.1           0.14%    passed     99.70%
  35  Aquiloeurycea_galeanae_KP900137.1       4.29%    passed     94.47%
  36  Eurycea_cirrigera_FJ750238.1           18.34%    passed     95.54%
  37  Ensatina_eschscholtzii_AY650119.1       0.00%    passed     83.41%
  38  Amphiuma_tridactylum_FJ951369.1         0.00%    passed     95.59%
  39  Aneides_flavipunctatus_MF946533.1      44.79%    passed     82.42%
  40  Aneides_vagrans_MF946547.1             44.79%    passed     84.64%
  41  Plethodon_asupak_KF911898.1             5.93%    passed     97.55%
  42  Pseudoeurycea_rex_AY650125.1            0.00%    passed     96.51%
****  TOTAL                                   3.70%  0 sequences failed composition chi2 test (p-value<5%; df=3)


Create initial parsimony tree by phylogenetic likelihood library (PLL)... 0.003 seconds
NOTE: ModelFinder requires 8 MB RAM!
ModelFinder will test 286 DNA models (sample size: 1467) ...
 No. Model         -LnL         df  AIC          AICc         BIC
Measuring multi-threading efficiency up to 20 CPU cores
Increase to 10 rounds for branch lengths
1731 trees examined
Threads: 1 / Time: 20.004 sec / Speedup: 1.000 / Efficiency: 100% / LogL: -11785
Threads: 2 / Time: 13.335 sec / Speedup: 1.500 / Efficiency: 75% / LogL: -11785
Threads: 3 / Time: 11.509 sec / Speedup: 1.738 / Efficiency: 58% / LogL: -11785
Threads: 4 / Time: 11.172 sec / Speedup: 1.791 / Efficiency: 45% / LogL: -11785
BEST NUMBER OF THREADS: 3

  1  JC            7394.950     81  14951.901    14961.492    15380.469
  2  JC+I          7164.903     82  14493.805    14503.641    14927.665
  3  JC+G4         7151.914     82  14467.827    14477.663    14901.687
  4  JC+I+G4       7148.385     83  14462.769    14472.852    14901.920
  5  JC+R2         7152.206     83  14470.411    14480.494    14909.562
  6  JC+R3         7151.741     85  14473.482    14484.068    14923.215
 14  F81+F         7393.753     84  14955.505    14965.838    15399.947
 15  F81+F+I       7166.140     85  14502.280    14512.866    14952.012
 16  F81+F+G4      7153.129     85  14476.258    14486.844    14925.991
 17  F81+F+I+G4    7149.545     86  14471.089    14481.933    14926.113
 18  F81+F+R2      7153.316     86  14478.633    14489.476    14933.656
 19  F81+F+R3      7152.865     88  14481.729    14493.096    14947.335
 27  K2P           7169.889     82  14503.778    14513.614    14937.638
 28  K2P+I         6935.012     83  14036.024    14046.106    14475.175
 29  K2P+G4        6921.119     83  14008.238    14018.320    14447.389
 30  K2P+I+G4      6917.117     84  14002.235    14012.567    14446.676
 31  K2P+R2        6920.932     84  14009.864    14020.197    14454.306
 32  K2P+R3        6920.414     86  14012.828    14023.672    14467.852
 40  HKY+F         7171.702     85  14513.404    14523.990    14963.136
 41  HKY+F+I       6934.426     86  14040.852    14051.695    14495.876
 42  HKY+F+G4      6920.497     86  14012.994    14023.837    14468.018
 43  HKY+F+I+G4    6916.465     87  14006.929    14018.033    14467.244
 44  HKY+F+R2      6920.252     87  14014.504    14025.607    14474.818
 45  HKY+F+R3      6919.769     89  14017.537    14029.171    14488.434
 53  TNe           7161.344     83  14488.688    14498.770    14927.839
 54  TNe+I         6934.104     84  14036.208    14046.540    14480.649
 55  TNe+G4        6920.096     84  14008.192    14018.524    14452.633
 56  TNe+I+G4      6916.059     85  14002.118    14012.704    14451.850
 57  TNe+R2        6919.789     85  14009.579    14020.165    14459.311
 58  TNe+R3        6919.321     87  14012.641    14023.745    14472.956
 66  TN+F          7154.941     86  14481.882    14492.725    14936.905
 67  TN+F+I        6929.956     87  14033.911    14045.015    14494.226
 68  TN+F+G4       6915.759     87  14005.519    14016.623    14465.834
 69  TN+F+I+G4     6911.661     88  13999.322    14010.690    14464.928
 70  TN+F+R2       6915.498     88  14006.996    14018.363    14472.602
 71  TN+F+R3       6915.000     90  14010.000    14021.904    14486.187
 79  K3P           7168.476     83  14502.953    14513.035    14942.104
 80  K3P+I         6933.619     84  14035.238    14045.571    14479.680
 81  K3P+G4        6919.819     84  14007.638    14017.971    14452.080
 82  K3P+I+G4      6915.798     85  14001.596    14012.182    14451.328
 83  K3P+R2        6919.508     85  14009.017    14019.603    14458.749
 84  K3P+R3        6919.039     87  14012.077    14023.181    14472.392
 92  K3Pu+F        7170.293     86  14512.587    14523.430    14967.610
 93  K3Pu+F+I      6933.055     87  14040.110    14051.214    14500.425
 94  K3Pu+F+G4     6919.211     87  14012.423    14023.526    14472.738
 95  K3Pu+F+I+G4   6915.160     88  14006.320    14017.688    14471.926
 96  K3Pu+F+R2     6918.902     88  14013.804    14025.172    14479.410
 97  K3Pu+F+R3     6918.415     90  14016.830    14028.734    14493.018
105  TPM2+F        7167.875     86  14507.750    14518.594    14962.774
106  TPM2+F+I      6928.380     87  14030.759    14041.863    14491.074
107  TPM2+F+G4     6914.191     87  14002.381    14013.485    14462.696
108  TPM2+F+I+G4   6910.055     88  13996.109    14007.476    14461.715
109  TPM2+F+R2     6913.689     88  14003.378    14014.745    14468.984
110  TPM2+F+R3     6913.190     90  14006.379    14018.284    14482.567
118  TPM2u+F       7167.878     86  14507.755    14518.598    14962.779
119  TPM2u+F+I     6928.380     87  14030.760    14041.864    14491.075
120  TPM2u+F+G4    6914.190     87  14002.380    14013.484    14462.695
121  TPM2u+F+I+G4  6910.047     88  13996.093    14007.461    14461.699
122  TPM2u+F+R2    6913.673     88  14003.346    14014.713    14468.951
123  TPM2u+F+R3    6913.168     90  14006.337    14018.241    14482.524
131  TPM3+F        7171.536     86  14515.072    14525.916    14970.096
132  TPM3+F+I      6934.408     87  14042.817    14053.920    14503.132
133  TPM3+F+G4     6920.488     87  14014.976    14026.080    14475.291
134  TPM3+F+I+G4   6916.388     88  14008.776    14020.143    14474.382
135  TPM3+F+R2     6920.097     88  14016.193    14027.561    14481.799
136  TPM3+F+R3     6919.580     90  14019.160    14031.064    14495.348
144  TPM3u+F       7171.537     86  14515.074    14525.917    14970.098
145  TPM3u+F+I     6934.408     87  14042.816    14053.920    14503.131
146  TPM3u+F+G4    6920.488     87  14014.976    14026.080    14475.291
147  TPM3u+F+I+G4  6916.379     88  14008.759    14020.126    14474.364
148  TPM3u+F+R2    6920.089     88  14016.177    14027.545    14481.783
149  TPM3u+F+R3    6919.565     90  14019.130    14031.034    14495.318
157  TIMe          7159.936     84  14487.872    14498.205    14932.314
158  TIMe+I        6932.717     85  14035.434    14046.021    14485.167
159  TIMe+G4       6918.811     85  14007.623    14018.209    14457.356
160  TIMe+I+G4     6914.719     86  14001.439    14012.282    14456.463
161  TIMe+R2       6918.481     86  14008.963    14019.806    14463.987
162  TIMe+R3       6917.941     88  14011.883    14023.250    14477.489
170  TIM+F         7153.540     87  14481.079    14492.183    14941.394
171  TIM+F+I       6928.597     88  14033.195    14044.562    14498.801
172  TIM+F+G4      6914.504     88  14005.009    14016.376    14470.614
173  TIM+F+I+G4    6910.348     89  13998.696    14010.330    14469.593
174  TIM+F+R2      6914.241     89  14006.481    14018.115    14477.378
175  TIM+F+R3      6913.661     91  14009.322    14021.499    14490.801
183  TIM2e         7157.162     84  14482.325    14492.658    14926.767
184  TIM2e+I       6927.213     85  14024.427    14035.013    14474.160
185  TIM2e+G4      6912.771     85  13995.542    14006.129    14445.275
186  TIM2e+I+G4    6908.527     86  13989.054    13999.897    14444.078
187  TIM2e+R2      6912.225     86  13996.449    14007.293    14451.473
188  TIM2e+R3      6911.652     88  13999.304    14010.671    14464.909
196  TIM2+F        7151.098     87  14476.197    14487.301    14936.512
197  TIM2+F+I      6923.932     88  14023.864    14035.231    14489.470
198  TIM2+F+G4     6909.376     88  13994.753    14006.120    14460.358
199  TIM2+F+I+G4   6905.087     89  13988.174    13999.808    14459.071
200  TIM2+F+R2     6908.909     89  13995.817    14007.451    14466.714
201  TIM2+F+R3     6908.289     91  13998.579    14010.756    14480.058
209  TIM3e         7161.172     84  14490.345    14500.678    14934.787
210  TIM3e+I       6934.096     85  14038.192    14048.779    14487.925
211  TIM3e+G4      6920.097     85  14010.195    14020.781    14459.928
212  TIM3e+I+G4    6915.955     86  14003.909    14014.753    14458.933
213  TIM3e+R2      6919.713     86  14011.425    14022.269    14466.449
214  TIM3e+R3      6919.112     88  14014.225    14025.592    14479.831
222  TIM3+F        7154.767     87  14483.534    14494.638    14943.849
223  TIM3+F+I      6929.939     88  14035.878    14047.245    14501.484
224  TIM3+F+G4     6915.755     88  14007.511    14018.878    14473.117
225  TIM3+F+I+G4   6911.552     89  14001.103    14012.737    14472.000
226  TIM3+F+R2     6915.453     89  14008.905    14020.539    14479.802
227  TIM3+F+R3     6914.793     91  14011.586    14023.764    14493.065
235  TVMe          7164.267     85  14498.534    14509.121    14948.267
236  TVMe+I        6926.926     86  14025.853    14036.696    14480.877
237  TVMe+G4       6912.728     86  13997.457    14008.300    14452.481
238  TVMe+I+G4     6908.512     87  13991.024    14002.127    14451.339
239  TVMe+R2       6912.178     87  13998.355    14009.459    14458.670
240  TVMe+R3       6911.563     89  14001.127    14012.761    14472.024
248  TVM+F         7166.425     88  14508.849    14520.217    14974.455
249  TVM+F+I       6927.199     89  14032.399    14044.033    14503.296
250  TVM+F+G4      6913.098     89  14004.197    14015.831    14475.093
251  TVM+F+I+G4    6908.886     90  13997.772    14009.676    14473.960
252  TVM+F+R2      6912.572     90  14005.144    14017.048    14481.331
253  TVM+F+R3      6911.954     92  14007.908    14020.362    14494.678
261  SYM           7155.707     86  14483.414    14494.257    14938.438
262  SYM+I         6926.042     87  14026.084    14037.188    14486.399
263  SYM+G4        6911.700     87  13997.400    14008.504    14457.715
264  SYM+I+G4      6907.428     88  13990.855    14002.222    14456.461
265  SYM+R2        6911.186     88  13998.372    14009.739    14463.978
266  SYM+R3        6910.503     90  14001.006    14012.910    14477.194
274  GTR+F         7149.649     89  14477.298    14488.932    14948.195
275  GTR+F+I       6922.760     90  14025.520    14037.424    14501.707
276  GTR+F+G4      6908.314     90  13996.628    14008.532    14472.816
277  GTR+F+I+G4    6903.985     91  13989.971    14002.148    14471.449
278  GTR+F+R2      6907.879     91  13997.758    14009.936    14479.237
279  GTR+F+R3      6907.132     93  14000.264    14012.999    14492.325
Akaike Information Criterion:           TIM2+F+I+G4
Corrected Akaike Information Criterion: TIM2+F+I+G4
Bayesian Information Criterion:         TIM2e+I+G4
Best-fit model: TIM2e+I+G4 chosen according to BIC

All model information printed to Rag-1.alignment.fasta.model.gz
CPU time for ModelFinder: 135.251 seconds (0h:2m:15s)
Wall-clock time for ModelFinder: 58.764 seconds (0h:0m:58s)
Generating 1000 samples for ultrafast bootstrap (seed: 346564)...

NOTE: 4 MB RAM (0 GB) is required!
Measuring multi-threading efficiency up to 20 CPU cores
Increase to 10 rounds for branch lengths
409 trees examined
Threads: 1 / Time: 20.039 sec / Speedup: 1.000 / Efficiency: 100% / LogL: -9886
Threads: 2 / Time: 11.518 sec / Speedup: 1.740 / Efficiency: 87% / LogL: -9886
Threads: 3 / Time: 8.773 sec / Speedup: 2.284 / Efficiency: 76% / LogL: -9886
Threads: 4 / Time: 7.669 sec / Speedup: 2.613 / Efficiency: 65% / LogL: -9886
Threads: 5 / Time: 7.280 sec / Speedup: 2.753 / Efficiency: 55% / LogL: -9886
Threads: 6 / Time: 7.067 sec / Speedup: 2.836 / Efficiency: 47% / LogL: -9886
BEST NUMBER OF THREADS: 5

Estimate model parameters (epsilon = 0.100)
Thoroughly optimizing +I+G parameters from 10 start values...
Init pinv, alpha: 0.000, 1.000 / Estimate: 0.000, 0.281 / LogL: -6912.771
Init pinv, alpha: 0.077, 1.000 / Estimate: 0.080, 0.330 / LogL: -6911.611
Init pinv, alpha: 0.155, 1.000 / Estimate: 0.159, 0.394 / LogL: -6910.598
Init pinv, alpha: 0.232, 1.000 / Estimate: 0.238, 0.481 / LogL: -6909.711
Init pinv, alpha: 0.309, 1.000 / Estimate: 0.316, 0.606 / LogL: -6908.955
Init pinv, alpha: 0.387, 1.000 / Estimate: 0.390, 0.794 / LogL: -6908.403
Init pinv, alpha: 0.464, 1.000 / Estimate: 0.462, 1.108 / LogL: -6908.242
Init pinv, alpha: 0.541, 1.000 / Estimate: 0.523, 1.616 / LogL: -6908.896
Init pinv, alpha: 0.619, 1.000 / Estimate: 0.524, 1.635 / LogL: -6908.937
Init pinv, alpha: 0.696, 1.000 / Estimate: 0.525, 1.640 / LogL: -6908.953
Optimal pinv,alpha: 0.462, 1.108 / LogL: -6908.242

Parameters optimization took 0.458 sec
Computing ML distances based on estimated model parameters... 0.024 sec
Computing BIONJ tree...
0.003 seconds
Log-likelihood of BIONJ tree: -6911.250
--------------------------------------------------------------------
|             INITIALIZING CANDIDATE TREE SET                      |
--------------------------------------------------------------------
Generating 98 parsimony trees... 0.327 second
Computing log-likelihood of 98 initial trees ... 0.449 seconds
Current best score: -6906.375

Do NNI search on 20 best initial trees
Estimate model parameters (epsilon = 0.100)
BETTER TREE FOUND at iteration 1: -6906.012
BETTER TREE FOUND at iteration 3: -6906.011
Estimate model parameters (epsilon = 0.100)
BETTER TREE FOUND at iteration 9: -6905.636
Iteration 10 / LogL: -6905.637 / Time: 0h:1m:4s
UPDATE BEST LOG-LIKELIHOOD: -6905.636
Iteration 20 / LogL: -6906.053 / Time: 0h:1m:4s
Finish initializing candidate tree set (6)
Current best tree score: -6905.636 / CPU time: 1.603
Number of iterations: 20
--------------------------------------------------------------------
|               OPTIMIZING CANDIDATE TREE SET                      |
--------------------------------------------------------------------
Iteration 30 / LogL: -6905.643 / Time: 0h:1m:5s (0h:2m:57s left)
Iteration 40 / LogL: -6929.620 / Time: 0h:1m:5s (0h:1m:56s left)
UPDATE BEST LOG-LIKELIHOOD: -6905.636
Iteration 50 / LogL: -6905.637 / Time: 0h:1m:6s (0h:1m:19s left)
Log-likelihood cutoff on original alignment: -6938.349
UPDATE BEST LOG-LIKELIHOOD: -6905.636
Iteration 60 / LogL: -6905.637 / Time: 0h:1m:7s (0h:0m:55s left)
Iteration 70 / LogL: -6913.474 / Time: 0h:1m:7s (0h:0m:38s left)
Iteration 80 / LogL: -6905.638 / Time: 0h:1m:8s (0h:0m:25s left)
Iteration 90 / LogL: -6905.638 / Time: 0h:1m:8s (0h:0m:14s left)
Iteration 100 / LogL: -6905.797 / Time: 0h:1m:9s (0h:0m:6s left)
Log-likelihood cutoff on original alignment: -6938.908
NOTE: Bootstrap correlation coefficient of split occurrence frequencies: 0.999
UPDATE BEST LOG-LIKELIHOOD: -6905.636
UPDATE BEST LOG-LIKELIHOOD: -6905.636
Iteration 110 / LogL: -6906.054 / Time: 0h:1m:10s (0h:0m:58s left)
TREE SEARCH COMPLETED AFTER 110 ITERATIONS / Time: 0h:1m:10s

--------------------------------------------------------------------
|                    FINALIZING TREE SEARCH                        |
--------------------------------------------------------------------
Performs final model parameters optimization
Estimate model parameters (epsilon = 0.010)
1. Initial log-likelihood: -6905.636
Optimal log-likelihood: -6905.635
Rate parameters:  A-C: 1.72988  A-G: 6.12161  A-T: 1.72988  C-G: 1.00000  C-T: 7.11225  G-T: 1.00000
Base frequencies:  A: 0.250  C: 0.250  G: 0.250  T: 0.250
Proportion of invariable sites: 0.461
Gamma shape alpha: 1.090
Parameters optimization took 1 rounds (0.007 sec)
BEST SCORE FOUND : -6905.635
Creating bootstrap support values...
Split supports printed to NEXUS file Rag-1.alignment.fasta.splits.nex
Total tree length: 0.672

Total number of iterations: 110
CPU time used for tree search: 36.524 sec (0h:0m:36s)
Wall-clock time used for tree search: 7.519 sec (0h:0m:7s)
Total CPU time used: 218.732 sec (0h:3m:38s)
Total wall-clock time used: 70.496 sec (0h:1m:10s)

Computing bootstrap consensus tree...
Reading input file Rag-1.alignment.fasta.splits.nex...
42 taxa and 213 splits.
Consensus tree written to Rag-1.alignment.fasta.contree
Reading input trees file Rag-1.alignment.fasta.contree
Log-likelihood of consensus tree: -6905.772

Analysis results written to: 
  IQ-TREE report:                Rag-1.alignment.fasta.iqtree
  Maximum-likelihood tree:       Rag-1.alignment.fasta.treefile
  Likelihood distances:          Rag-1.alignment.fasta.mldist

Ultrafast bootstrap approximation results written to:
  Split support values:          Rag-1.alignment.fasta.splits.nex
  Consensus tree:                Rag-1.alignment.fasta.contree
  Screen log file:               Rag-1.alignment.fasta.log

Date and Time: Sun Nov 29 14:57:40 2020
