IQ-TREE multicore version 1.6.12 for Linux 64-bit built Aug 15 2019
Developed by Bui Quang Minh, Nguyen Lam Tung, Olga Chernomor,
Heiko Schmidt, Dominik Schrempf, Michael Woodhams.

Host:    c03n07.grace.hpc.yale.internal (AVX, 125 GB RAM)
Command: iqtree -s MVA.alignment.fasta -nt AUTO
Seed:    342737 (Using SPRNG - Scalable Parallel Random Number Generator)
Time:    Sun Nov  1 14:42:25 2020
Kernel:  AVX - auto-detect threads (20 CPU cores detected)

Reading alignment file MVA.alignment.fasta ... Fasta format detected
Alignment most likely contains DNA/RNA sequences
Alignment has 19 sequences with 817 columns, 420 distinct patterns
354 parsimony-informative, 72 singleton sites, 391 constant sites
                                   Gap/Ambiguity  Composition  p-value
   1  Plethodon_neomexicanus_AF329353.1    0.00%    passed     61.15%
   2  Plethodon_neomexicanus_AF329352.1    0.00%    passed     71.97%
   3  Plethodon_vehiculum_AF329355.1       1.96%    passed     87.10%
   4  Plethodon_dunni_AF329344.1           0.12%    passed     78.37%
   5  Plethodon_elongatus_AY728223.1       1.22%    passed     95.13%
   6  Plethodon_stormi_AF329349.1          3.55%    passed     92.88%
   7  Aneides_lugubris_KF781809.1          1.84%    passed     33.79%
   8  Plethodon_larselli_AF329350.1        2.69%    passed     84.85%
   9  Aneides_ferreus_AF329324.1           4.41%    passed     71.76%
  10  Plethodon_shenandoah_MK493192.1      0.86%    passed     54.11%
  11  Plethodon_richmondi_AF329339.1       1.47%    failed      4.76%
  12  Aneides_aeneus_AF489624.1            2.08%    passed      6.54%
  13  Aneides_flavipunctatus_AF329326.1    1.71%    passed     43.35%
  14  Aneides_hardii_AY728226.1            1.96%    passed     75.88%
  15  Plethodon_cinereus_MN483063.1        0.86%    passed     54.15%
  16  Plethodon_serratus_AF329337.1        1.84%    passed     28.75%
  17  Aneides_aeneus_AF489627.1            2.20%    passed     13.79%
  18  Aneides_hardii_AF329327.1            1.96%    passed     87.67%
  19  Plethodon_vandykei_AF329354.1        7.59%    passed     15.06%
****  TOTAL                                2.02%  1 sequences failed composition chi2 test (p-value<5%; df=3)


Create initial parsimony tree by phylogenetic likelihood library (PLL)... 0.001 seconds
NOTE: ModelFinder requires 2 MB RAM!
ModelFinder will test 286 DNA models (sample size: 817) ...
 No. Model         -LnL         df  AIC          AICc         BIC
Measuring multi-threading efficiency up to 20 CPU cores
Increase to 10 rounds for branch lengths
4115 trees examined
Threads: 1 / Time: 20.001 sec / Speedup: 1.000 / Efficiency: 100% / LogL: -9155
Threads: 2 / Time: 16.977 sec / Speedup: 1.178 / Efficiency: 59% / LogL: -9155
Threads: 3 / Time: 14.461 sec / Speedup: 1.383 / Efficiency: 46% / LogL: -9155
BEST NUMBER OF THREADS: 2

  1  JC            7159.907     35  14389.815    14393.041    14554.512
  2  JC+I          6799.929     36  13671.859    13675.274    13841.262
  3  JC+G4         6778.869     36  13629.738    13633.154    13799.141
  4  JC+I+G4       6769.940     37  13613.880    13617.490    13787.989
  5  JC+R2         6796.246     37  13666.491    13670.101    13840.600
  6  JC+R3         6777.914     39  13633.828    13637.843    13817.348
  7  JC+R4         6772.545     41  13627.091    13631.535    13820.022
 14  F81+F         7078.038     38  14232.076    14235.885    14410.890
 15  F81+F+I       6695.047     39  13468.093    13472.109    13651.613
 16  F81+F+G4      6672.024     39  13422.048    13426.063    13605.568
 17  F81+F+I+G4    6662.269     40  13404.538    13408.765    13592.763
 18  F81+F+R2      6684.528     40  13449.057    13453.283    13637.282
 19  F81+F+R3      6671.028     42  13426.055    13430.722    13623.692
 20  F81+F+R4      6664.386     44  13416.771    13421.901    13623.819
 27  K2P           6794.951     36  13661.903    13665.318    13831.306
 28  K2P+I         6412.270     37  12898.541    12902.150    13072.649
 29  K2P+G4        6375.302     37  12824.604    12828.214    12998.713
 30  K2P+I+G4      6368.332     38  12812.664    12816.474    12991.478
 31  K2P+R2        6386.240     38  12848.481    12852.291    13027.295
 32  K2P+R3        6371.879     40  12823.757    12827.984    13011.983
 33  K2P+R4        6370.125     42  12824.249    12828.916    13021.886
 40  HKY+F         6667.498     39  13412.995    13417.011    13596.515
 41  HKY+F+I       6230.279     40  12540.559    12544.786    12728.784
 42  HKY+F+G4      6187.666     40  12455.332    12459.559    12643.558
 43  HKY+F+I+G4    6177.695     41  12437.389    12441.833    12630.320
 44  HKY+F+R2      6202.277     41  12486.555    12490.999    12679.486
 45  HKY+F+R3      6182.007     43  12450.015    12454.910    12652.357
 46  HKY+F+R4      6180.809     45  12451.618    12456.987    12663.371
 53  TNe           6735.711     37  13545.421    13549.031    13719.530
 54  TNe+I         6344.736     38  12765.473    12769.283    12944.287
 55  TNe+G4        6309.996     38  12695.992    12699.802    12874.807
 56  TNe+I+G4      6300.043     39  12678.087    12682.102    12861.607
 57  TNe+R2        6313.465     39  12704.931    12708.946    12888.451
 58  TNe+R3        6300.275     41  12682.551    12686.995    12875.482
 59  TNe+R4        6299.856     43  12685.712    12690.607    12888.055
 66  TN+F          6655.260     40  13390.520    13394.746    13578.745
 67  TN+F+I        6225.352     41  12532.704    12537.148    12725.635
 68  TN+F+G4       6182.278     41  12446.556    12451.000    12639.487
 69  TN+F+I+G4     6171.793     42  12427.586    12432.252    12625.223
 70  TN+F+R2       6189.790     42  12463.581    12468.248    12661.218
 71  TN+F+R3       6174.956     44  12437.911    12443.041    12644.960
 72  TN+F+R4       6174.410     46  12440.821    12446.436    12657.280
 79  K3P           6793.115     37  13660.230    13663.840    13834.339
 80  K3P+I         6410.134     38  12896.268    12900.078    13075.083
 81  K3P+G4        6373.109     38  12822.219    12826.028    13001.033
 82  K3P+I+G4      6366.141     39  12810.282    12814.298    12993.802
 83  K3P+R2        6377.049     39  12832.098    12836.113    13015.618
 84  K3P+R3        6366.675     41  12815.351    12819.795    13008.282
 85  K3P+R4        6366.310     43  12818.621    12823.516    13020.963
 92  K3Pu+F        6667.426     40  13414.852    13419.079    13603.077
 93  K3Pu+F+I      6230.204     41  12542.407    12546.851    12735.338
 94  K3Pu+F+G4     6187.667     41  12457.334    12461.778    12650.265
 95  K3Pu+F+I+G4   6177.711     42  12439.422    12444.089    12637.059
 96  K3Pu+F+R2     6195.329     42  12474.657    12479.324    12672.294
 97  K3Pu+F+R3     6180.528     44  12449.056    12454.185    12656.104
 98  K3Pu+F+R4     6180.229     46  12452.459    12458.075    12668.918
105  TPM2+F        6621.194     40  13322.387    13326.614    13510.613
106  TPM2+F+I      6206.316     41  12494.633    12499.077    12687.564
107  TPM2+F+G4     6170.656     41  12423.311    12427.755    12616.242
108  TPM2+F+I+G4   6161.402     42  12406.804    12411.471    12604.441
109  TPM2+F+R2     6173.302     42  12430.603    12435.270    12628.240
110  TPM2+F+R3     6162.688     44  12413.375    12418.505    12620.424
111  TPM2+F+R4     6162.590     46  12417.179    12422.795    12633.639
118  TPM2u+F       6621.193     40  13322.386    13326.613    13510.612
119  TPM2u+F+I     6206.318     41  12494.635    12499.079    12687.566
120  TPM2u+F+G4    6170.656     41  12423.312    12427.756    12616.244
121  TPM2u+F+I+G4  6161.389     42  12406.778    12411.445    12604.415
122  TPM2u+F+R2    6173.166     42  12430.332    12434.999    12627.969
123  TPM2u+F+R3    6162.577     44  12413.154    12418.283    12620.202
124  TPM2u+F+R4    6162.551     46  12417.103    12422.718    12633.562
131  TPM3+F        6667.410     40  13414.821    13419.047    13603.046
132  TPM3+F+I      6230.268     41  12542.536    12546.980    12735.467
133  TPM3+F+G4     6187.667     41  12457.333    12461.777    12650.265
134  TPM3+F+I+G4   6177.683     42  12439.366    12444.032    12637.003
135  TPM3+F+R2     6194.525     42  12473.050    12477.717    12670.687
136  TPM3+F+R3     6179.976     44  12447.951    12453.081    12654.999
137  TPM3+F+R4     6179.915     46  12451.829    12457.445    12668.289
144  TPM3u+F       6667.411     40  13414.821    13419.048    13603.047
145  TPM3u+F+I     6230.267     41  12542.534    12546.978    12735.466
146  TPM3u+F+G4    6187.666     41  12457.332    12461.776    12650.263
147  TPM3u+F+I+G4  6177.683     42  12439.367    12444.033    12637.004
148  TPM3u+F+R2    6194.495     42  12472.989    12477.656    12670.626
149  TPM3u+F+R3    6179.820     44  12447.639    12452.769    12654.687
150  TPM3u+F+R4    6179.763     46  12451.526    12457.142    12667.985
157  TIMe          6733.826     38  13543.651    13547.461    13722.466
158  TIMe+I        6342.499     39  12762.998    12767.013    12946.518
159  TIMe+G4       6308.015     39  12694.031    12698.046    12877.551
160  TIMe+I+G4     6298.104     40  12676.208    12680.435    12864.434
161  TIMe+R2       6306.162     40  12692.324    12696.551    12880.550
162  TIMe+R3       6297.092     42  12678.185    12682.852    12875.822
163  TIMe+R4       6297.075     44  12682.149    12687.279    12889.198
170  TIM+F         6655.183     41  13392.365    13396.809    13585.296
171  TIM+F+I       6225.258     42  12534.516    12539.183    12732.153
172  TIM+F+G4      6182.279     42  12448.558    12453.225    12646.195
173  TIM+F+I+G4    6171.793     43  12429.585    12434.480    12631.928
174  TIM+F+R2      6186.860     43  12459.720    12464.615    12662.062
175  TIM+F+R3      6173.574     45  12437.149    12442.519    12648.903
176  TIM+F+R4      6173.540     47  12441.081    12446.948    12662.246
183  TIM2e         6635.392     38  13346.784    13350.594    13525.598
184  TIM2e+I       6263.902     39  12605.803    12609.819    12789.323
185  TIM2e+G4      6232.446     39  12542.892    12546.907    12726.412
186  TIM2e+I+G4    6223.188     40  12526.377    12530.603    12714.602
187  TIM2e+R2      6230.165     40  12540.331    12544.557    12728.556
188  TIM2e+R3      6222.295     42  12528.589    12533.256    12726.226
189  TIM2e+R4      6222.290     44  12532.580    12537.709    12739.628
196  TIM2+F        6609.246     41  13300.493    13304.937    13493.424
197  TIM2+F+I      6200.943     42  12485.885    12490.552    12683.522
198  TIM2+F+G4     6163.098     42  12410.197    12414.863    12607.833
199  TIM2+F+I+G4   6153.563     43  12393.127    12398.022    12595.469
200  TIM2+F+R2     6164.593     43  12415.187    12420.082    12617.529
201  TIM2+F+R3     6154.124     45  12398.248    12403.618    12610.002
202  TIM2+F+R4     6154.099     47  12402.198    12408.065    12623.363
209  TIM3e         6735.230     38  13546.461    13550.270    13725.275
210  TIM3e+I       6343.563     39  12765.126    12769.141    12948.646
211  TIM3e+G4      6308.546     39  12695.091    12699.107    12878.611
212  TIM3e+I+G4    6298.527     40  12677.053    12681.280    12865.279
213  TIM3e+R2      6306.999     40  12693.998    12698.225    12882.223
214  TIM3e+R3      6297.458     42  12678.916    12683.583    12876.553
215  TIM3e+R4      6297.452     44  12682.905    12688.034    12889.953
222  TIM3+F        6655.174     41  13392.347    13396.791    13585.278
223  TIM3+F+I      6225.336     42  12534.672    12539.338    12732.309
224  TIM3+F+G4     6182.279     42  12448.558    12453.225    12646.195
225  TIM3+F+I+G4   6171.781     43  12429.563    12434.458    12631.905
226  TIM3+F+R2     6186.896     43  12459.793    12464.688    12662.135
227  TIM3+F+R3     6173.333     45  12436.666    12442.035    12648.419
228  TIM3+F+R4     6173.306     47  12440.612    12446.479    12661.777
235  TVMe          6693.172     39  13464.344    13468.360    13647.864
236  TVMe+I        6334.174     40  12748.348    12752.574    12936.573
237  TVMe+G4       6287.590     40  12655.179    12659.406    12843.405
238  TVMe+I+G4     6283.268     41  12648.536    12652.979    12841.467
239  TVMe+R2       6294.718     41  12671.437    12675.881    12864.368
240  TVMe+R3       6282.322     43  12650.645    12655.540    12852.987
241  TVMe+R4       6282.306     45  12654.613    12659.983    12866.367
248  TVM+F         6620.538     42  13325.076    13329.742    13522.713
249  TVM+F+I       6205.980     43  12497.959    12502.855    12700.302
250  TVM+F+G4      6170.140     43  12426.280    12431.176    12628.623
251  TVM+F+I+G4    6160.879     44  12409.759    12414.888    12616.807
252  TVM+F+R2      6173.258     44  12434.517    12439.646    12641.565
253  TVM+F+R3      6161.676     46  12415.352    12420.967    12631.811
254  TVM+F+R4      6161.652     48  12419.304    12425.429    12645.174
261  SYM           6634.237     40  13348.474    13352.701    13536.699
262  SYM+I         6261.982     41  12605.964    12610.407    12798.895
263  SYM+G4        6230.427     41  12542.853    12547.297    12735.784
264  SYM+I+G4      6220.958     42  12525.915    12530.582    12723.552
265  SYM+R2        6228.352     42  12540.705    12545.371    12738.341
266  SYM+R3        6220.098     44  12528.195    12533.325    12735.244
267  SYM+R4        6220.095     46  12532.191    12537.806    12748.650
274  GTR+F         6608.591     43  13303.183    13308.078    13505.525
275  GTR+F+I       6200.614     44  12489.229    12494.358    12696.277
276  GTR+F+G4      6162.696     44  12413.392    12418.522    12620.440
277  GTR+F+I+G4    6153.028     45  12396.056    12401.426    12607.810
278  GTR+F+R2      6164.633     45  12419.266    12424.636    12631.020
279  GTR+F+R3      6153.782     47  12401.564    12407.431    12622.729
280  GTR+F+R4      6153.757     49  12405.514    12411.902    12636.090
Akaike Information Criterion:           TIM2+F+I+G4
Corrected Akaike Information Criterion: TIM2+F+I+G4
Bayesian Information Criterion:         TIM2+F+I+G4
Best-fit model: TIM2+F+I+G4 chosen according to BIC

All model information printed to MVA.alignment.fasta.model.gz
CPU time for ModelFinder: 108.455 seconds (0h:1m:48s)
Wall-clock time for ModelFinder: 56.509 seconds (0h:0m:56s)

NOTE: 1 MB RAM (0 GB) is required!
Measuring multi-threading efficiency up to 20 CPU cores
Increase to 10 rounds for branch lengths
1201 trees examined
Threads: 1 / Time: 20.011 sec / Speedup: 1.000 / Efficiency: 100% / LogL: -8150
Threads: 2 / Time: 14.030 sec / Speedup: 1.426 / Efficiency: 71% / LogL: -8150
Threads: 3 / Time: 11.059 sec / Speedup: 1.809 / Efficiency: 60% / LogL: -8150
Threads: 4 / Time: 10.415 sec / Speedup: 1.921 / Efficiency: 48% / LogL: -8150
BEST NUMBER OF THREADS: 3

Estimate model parameters (epsilon = 0.100)
Thoroughly optimizing +I+G parameters from 10 start values...
Init pinv, alpha: 0.000, 1.000 / Estimate: 0.000, 0.361 / LogL: -6163.094
Init pinv, alpha: 0.053, 1.000 / Estimate: 0.055, 0.410 / LogL: -6163.076
Init pinv, alpha: 0.106, 1.000 / Estimate: 0.114, 0.476 / LogL: -6162.575
Init pinv, alpha: 0.160, 1.000 / Estimate: 0.380, 1.400 / LogL: -6153.644
Init pinv, alpha: 0.213, 1.000 / Estimate: 0.380, 1.396 / LogL: -6153.650
Init pinv, alpha: 0.266, 1.000 / Estimate: 0.380, 1.401 / LogL: -6153.642
Init pinv, alpha: 0.319, 1.000 / Estimate: 0.381, 1.410 / LogL: -6153.628
Init pinv, alpha: 0.372, 1.000 / Estimate: 0.383, 1.424 / LogL: -6153.603
Init pinv, alpha: 0.425, 1.000 / Estimate: 0.398, 1.576 / LogL: -6153.595
Init pinv, alpha: 0.479, 1.000 / Estimate: 0.396, 1.568 / LogL: -6153.579
Optimal pinv,alpha: 0.396, 1.568 / LogL: -6153.579

Parameters optimization took 0.704 sec
Computing ML distances based on estimated model parameters... 0.008 sec
Computing BIONJ tree...
0.002 seconds
Log-likelihood of BIONJ tree: -6139.115
--------------------------------------------------------------------
|             INITIALIZING CANDIDATE TREE SET                      |
--------------------------------------------------------------------
Generating 98 parsimony trees... 0.144 second
Computing log-likelihood of 98 initial trees ... 0.287 seconds
Current best score: -6139.055

Do NNI search on 20 best initial trees
Estimate model parameters (epsilon = 0.100)
BETTER TREE FOUND at iteration 1: -6138.816
Estimate model parameters (epsilon = 0.100)
BETTER TREE FOUND at iteration 2: -6137.939
Estimate model parameters (epsilon = 0.100)
BETTER TREE FOUND at iteration 4: -6137.649
Iteration 10 / LogL: -6138.811 / Time: 0h:0m:56s
Iteration 20 / LogL: -6141.326 / Time: 0h:0m:57s
Finish initializing candidate tree set (5)
Current best tree score: -6137.649 / CPU time: 0.875
Number of iterations: 20
--------------------------------------------------------------------
|               OPTIMIZING CANDIDATE TREE SET                      |
--------------------------------------------------------------------
Iteration 30 / LogL: -6138.830 / Time: 0h:0m:57s (0h:2m:26s left)
Iteration 40 / LogL: -6137.713 / Time: 0h:0m:57s (0h:1m:34s left)
Iteration 50 / LogL: -6137.732 / Time: 0h:0m:57s (0h:1m:3s left)
Iteration 60 / LogL: -6137.707 / Time: 0h:0m:58s (0h:0m:43s left)
Iteration 70 / LogL: -6137.655 / Time: 0h:0m:58s (0h:0m:28s left)
Iteration 80 / LogL: -6145.024 / Time: 0h:0m:58s (0h:0m:17s left)
Iteration 90 / LogL: -6137.688 / Time: 0h:0m:59s (0h:0m:9s left)
Iteration 100 / LogL: -6138.829 / Time: 0h:0m:59s (0h:0m:2s left)
TREE SEARCH COMPLETED AFTER 105 ITERATIONS / Time: 0h:0m:59s

--------------------------------------------------------------------
|                    FINALIZING TREE SEARCH                        |
--------------------------------------------------------------------
Performs final model parameters optimization
Estimate model parameters (epsilon = 0.010)
1. Initial log-likelihood: -6137.649
Optimal log-likelihood: -6137.648
Rate parameters:  A-C: 4.15804  A-G: 21.17724  A-T: 4.15804  C-G: 1.00000  C-T: 33.50430  G-T: 1.00000
Base frequencies:  A: 0.324  C: 0.236  G: 0.127  T: 0.313
Proportion of invariable sites: 0.388
Gamma shape alpha: 1.491
Parameters optimization took 1 rounds (0.006 sec)
BEST SCORE FOUND : -6137.648
Total tree length: 2.496

Total number of iterations: 105
CPU time used for tree search: 10.353 sec (0h:0m:10s)
Wall-clock time used for tree search: 3.461 sec (0h:0m:3s)
Total CPU time used: 135.592 sec (0h:2m:15s)
Total wall-clock time used: 59.708 sec (0h:0m:59s)

Analysis results written to: 
  IQ-TREE report:                MVA.alignment.fasta.iqtree
  Maximum-likelihood tree:       MVA.alignment.fasta.treefile
  Likelihood distances:          MVA.alignment.fasta.mldist
  Screen log file:               MVA.alignment.fasta.log

Date and Time: Sun Nov  1 14:44:21 2020
