IQ-TREE multicore version 1.6.12 for Linux 64-bit built Aug 15 2019
Developed by Bui Quang Minh, Nguyen Lam Tung, Olga Chernomor,
Heiko Schmidt, Dominik Schrempf, Michael Woodhams.

Host:    c03n07.grace.hpc.yale.internal (AVX, 125 GB RAM)
Command: iqtree -s MVAoutgroups.alignment.fasta -nt AUTO
Seed:    933633 (Using SPRNG - Scalable Parallel Random Number Generator)
Time:    Sun Nov  1 19:01:28 2020
Kernel:  AVX - auto-detect threads (20 CPU cores detected)

Reading alignment file MVAoutgroups.alignment.fasta ... Fasta format detected
Alignment most likely contains DNA/RNA sequences
Alignment has 43 sequences with 817 columns, 556 distinct patterns
435 parsimony-informative, 74 singleton sites, 308 constant sites
                                      Gap/Ambiguity  Composition  p-value
   1  Amphiuma_tridactylum_FJ951364.1         1.10%    passed     37.74%
   2  Pseudotriton_ruber_AY728220.1           1.35%    passed     95.05%
   3  Eurycea_cirrigera_KY885249.1            2.94%    passed     99.10%
   4  Aquiloeurycea_galeanae_AF451213.1      14.81%    passed     66.28%
   5  Plethodon_hoffmani_AF329333.1           1.84%    passed     88.18%
   6  Plethodon_wehrlei_AF329342.1            3.92%    passed     33.32%
   7  Plethodon_welleri_AF329343.1           14.32%    passed     34.41%
   8  Plethodon_dorsalis_DQ995101.1          20.69%    passed     41.62%
   9  Isthmura_bellii_AF451210.1             13.22%    passed     23.03%
  10  Phaeognathus_hubrichti_AY728233.1       0.49%    passed     28.86%
  11  Desmognathus_fuscus_AY728227.1          0.73%    failed      0.02%
  12  Ensatina_eschscholtzii_AY728216.1       1.10%    passed      9.50%
  13  Hydromantes_platycephalus_HM989517.1    1.59%    failed      0.00%
  14  Plethodon_ouachitae_AF329335.1          2.45%    failed      4.89%
  15  Plethodon_glutinosus_DQ995105.1        19.46%    passed     30.53%
  16  Plethodon_cylindraceus_DQ995100.1      19.46%    passed     11.72%
  17  Plethodon_kentucki_DQ995116.1          19.46%    passed     28.40%
  18  Plethodon_neomexicanus_AF329353.1       0.00%    passed     38.75%
  19  Plethodon_neomexicanus_AF329352.1       0.00%    passed     50.50%
  20  Plethodon_petraeus_AY728222.1           0.98%    passed     12.95%
  21  Plethodon_yonahlossee_AF329341.1       20.20%    passed     86.49%
  22  Plethodon_hubrichti_DQ995112.1         19.46%    passed     22.54%
  23  Plethodon_jordani_AF329334.1           19.71%    passed     45.52%
  24  Plethodon_websteri_DQ995167.1          19.71%    passed     23.15%
  25  Aneides_vagrans_KF781825.1             10.77%    passed     91.96%
  26  Plethodon_idahoensis_DQ995113.1        20.81%    passed     51.71%
  27  Plethodon_vehiculum_AF329355.1          1.96%    passed     84.53%
  28  Plethodon_dunni_AF329344.1              0.12%    passed     92.59%
  29  Plethodon_elongatus_AY728223.1          1.22%    passed     79.20%
  30  Plethodon_stormi_AF329349.1             3.55%    passed     87.46%
  31  Aneides_lugubris_KF781809.1             1.84%    passed     15.09%
  32  Plethodon_larselli_AF329350.1           2.69%    passed     72.30%
  33  Aneides_ferreus_AF329324.1              4.41%    passed     76.52%
  34  Plethodon_shenandoah_MK493192.1         0.86%    passed     75.16%
  35  Plethodon_richmondi_AF329339.1          1.47%    passed     12.17%
  36  Aneides_aeneus_AF489624.1               2.08%    failed      2.07%
  37  Aneides_flavipunctatus_AF329326.1       1.71%    passed     24.40%
  38  Aneides_hardii_AY728226.1               1.96%    passed     74.59%
  39  Plethodon_cinereus_MN483063.1           0.86%    passed     78.51%
  40  Plethodon_serratus_AF329337.1           1.84%    passed     48.63%
  41  Aneides_aeneus_AF489627.1               2.20%    failed      4.89%
  42  Aneides_hardii_AF329327.1               1.96%    passed     84.87%
  43  Plethodon_vandykei_AF329354.1           7.59%    passed     30.57%
****  TOTAL                                   6.72%  5 sequences failed composition chi2 test (p-value<5%; df=3)


Create initial parsimony tree by phylogenetic likelihood library (PLL)... 0.003 seconds
NOTE: ModelFinder requires 7 MB RAM!
ModelFinder will test 286 DNA models (sample size: 817) ...
 No. Model         -LnL         df  AIC          AICc         BIC
Measuring multi-threading efficiency up to 20 CPU cores
Increase to 10 rounds for branch lengths
1216 trees examined
Threads: 1 / Time: 20.002 sec / Speedup: 1.000 / Efficiency: 100% / LogL: -19685
Threads: 2 / Time: 20.444 sec / Speedup: 0.978 / Efficiency: 49% / LogL: -19685
BEST NUMBER OF THREADS: 1

  1  JC            15114.777    83  30395.553    30414.576    30786.121
  2  JC+I          14126.898    84  28421.797    28441.305    28817.070
  3  JC+G4         13857.617    84  27883.235    27902.743    28278.508
  4  JC+I+G4       13826.631    85  27823.261    27843.261    28223.241
  5  JC+R2         13971.309    85  28112.619    28132.619    28512.598
  6  JC+R3         13847.028    87  27868.056    27889.060    28277.446
  7  JC+R4         13829.532    89  27837.064    27859.099    28255.865
  8  JC+R5         13824.321    91  27830.641    27853.736    28258.854
 14  F81+F         14944.447    86  30060.895    30081.394    30465.580
 15  F81+F+I       13914.395    87  28002.791    28023.795    28412.181
 16  F81+F+G4      13620.995    87  27415.989    27436.994    27825.380
 17  F81+F+I+G4    13589.400    88  27354.800    27376.317    27768.896
 18  F81+F+R2      13716.226    88  27608.452    27629.969    28022.548
 19  F81+F+R3      13592.302    90  27364.604    27387.166    27788.111
 20  F81+F+R4      13586.008    92  27356.016    27379.652    27788.935
 27  K2P           14328.929    84  28825.858    28845.366    29221.132
 28  K2P+I         13303.519    85  26777.038    26797.038    27177.017
 29  K2P+G4        12983.100    85  26136.200    26156.200    26536.179
 30  K2P+I+G4      12950.910    86  26073.821    26094.320    26478.506
 31  K2P+R2        13055.323    86  26282.646    26303.145    26687.331
 32  K2P+R3        12954.058    88  26084.115    26105.632    26498.212
 33  K2P+R4        12949.045    90  26078.090    26100.652    26501.597
 40  HKY+F         14060.395    87  28294.789    28315.793    28704.180
 41  HKY+F+I       12932.438    88  26040.876    26062.393    26454.972
 42  HKY+F+G4      12581.296    88  25338.592    25360.109    25752.688
 43  HKY+F+I+G4    12548.266    89  25274.532    25296.568    25693.334
 44  HKY+F+R2      12642.508    89  25463.016    25485.052    25881.818
 45  HKY+F+R3      12555.281    91  25292.562    25315.658    25720.776
 46  HKY+F+R4      12538.170    93  25262.340    25286.522    25699.964
 47  HKY+F+R5      12537.567    95  25265.135    25290.433    25712.170
 53  TNe           14186.534    85  28543.068    28563.068    28943.047
 54  TNe+I         13124.303    86  26420.607    26441.105    26825.291
 55  TNe+G4        12843.338    86  25858.675    25879.174    26263.360
 56  TNe+I+G4      12807.726    87  25789.451    25810.455    26198.842
 57  TNe+R2        12888.828    87  25951.655    25972.659    26361.046
 58  TNe+R3        12812.258    89  25802.517    25824.553    26221.319
 59  TNe+R4        12793.141    91  25768.283    25791.378    26196.496
 60  TNe+R5        12792.414    93  25770.828    25795.010    26208.452
 66  TN+F          14030.650    88  28237.300    28258.817    28651.397
 67  TN+F+I        12907.894    89  25993.788    26015.824    26412.590
 68  TN+F+G4       12572.574    89  25323.147    25345.183    25741.949
 69  TN+F+I+G4     12537.321    90  25254.642    25277.204    25678.150
 70  TN+F+R2       12627.265    90  25434.530    25457.092    25858.037
 71  TN+F+R3       12545.260    92  25274.520    25298.155    25707.438
 72  TN+F+R4       12523.357    94  25234.714    25259.451    25677.044
 73  TN+F+R5       12522.605    96  25237.210    25263.076    25688.951
 79  K3P           14320.861    85  28811.721    28831.721    29211.701
 80  K3P+I         13295.068    86  26762.136    26782.634    27166.821
 81  K3P+G4        12976.146    86  26124.292    26144.791    26528.977
 82  K3P+I+G4      12944.015    87  26062.030    26083.034    26471.420
 83  K3P+R2        13047.066    87  26268.132    26289.136    26677.522
 84  K3P+R3        12945.545    89  26069.090    26091.126    26487.892
 85  K3P+R4        12940.194    91  26062.388    26085.483    26490.601
 92  K3Pu+F        14058.759    88  28293.519    28315.035    28707.615
 93  K3Pu+F+I      12930.267    89  26038.534    26060.570    26457.336
 94  K3Pu+F+G4     12580.642    89  25339.285    25361.320    25758.086
 95  K3Pu+F+I+G4   12547.792    90  25275.584    25298.146    25699.091
 96  K3Pu+F+R2     12639.216    90  25458.432    25480.994    25881.940
 97  K3Pu+F+R3     12553.511    92  25291.021    25314.656    25723.940
 98  K3Pu+F+R4     12535.481    94  25258.963    25283.700    25701.293
 99  K3Pu+F+R5     12534.865    96  25261.731    25287.597    25713.472
105  TPM2+F        13930.528    88  28037.056    28058.572    28451.152
106  TPM2+F+I      12848.097    89  25874.194    25896.229    26292.996
107  TPM2+F+G4     12536.029    89  25250.057    25272.093    25668.859
108  TPM2+F+I+G4   12502.339    90  25184.679    25207.241    25608.186
109  TPM2+F+R2     12587.006    90  25354.013    25376.575    25777.520
110  TPM2+F+R3     12507.611    92  25199.222    25222.857    25632.140
111  TPM2+F+R4     12491.653    94  25171.305    25196.042    25613.636
112  TPM2+F+R5     12491.551    96  25175.103    25200.970    25626.844
118  TPM2u+F       13930.515    88  28037.031    28058.547    28451.127
119  TPM2u+F+I     12848.144    89  25874.288    25896.323    26293.090
120  TPM2u+F+G4    12536.027    89  25250.054    25272.089    25668.856
121  TPM2u+F+I+G4  12502.336    90  25184.672    25207.234    25608.179
122  TPM2u+F+R2    12587.000    90  25354.001    25376.563    25777.508
123  TPM2u+F+R3    12507.578    92  25199.157    25222.792    25632.075
124  TPM2u+F+R4    12491.424    94  25170.848    25195.585    25613.178
125  TPM2u+F+R5    12491.336    96  25174.672    25200.539    25626.414
131  TPM3+F        14060.009    88  28296.018    28317.534    28710.114
132  TPM3+F+I      12929.843    89  26037.686    26059.722    26456.488
133  TPM3+F+G4     12579.155    89  25336.310    25358.346    25755.112
134  TPM3+F+I+G4   12546.384    90  25272.769    25295.331    25696.276
135  TPM3+F+R2     12638.048    90  25456.095    25478.657    25879.603
136  TPM3+F+R3     12551.596    92  25287.191    25310.827    25720.110
137  TPM3+F+R4     12533.361    94  25254.722    25279.458    25697.052
138  TPM3+F+R5     12533.212    96  25258.424    25284.291    25710.166
144  TPM3u+F       14060.008    88  28296.016    28317.533    28710.113
145  TPM3u+F+I     12929.843    89  26037.686    26059.722    26456.488
146  TPM3u+F+G4    12579.158    89  25336.316    25358.352    25755.118
147  TPM3u+F+I+G4  12546.380    90  25272.761    25295.323    25696.269
148  TPM3u+F+R2    12638.009    90  25456.019    25478.581    25879.526
149  TPM3u+F+R3    12551.528    92  25287.057    25310.692    25719.975
150  TPM3u+F+R4    12533.371    94  25254.741    25279.478    25697.071
151  TPM3u+F+R5    12533.210    96  25258.420    25284.287    25710.161
157  TIMe          14178.278    86  28528.555    28549.054    28933.240
158  TIMe+I        13115.685    87  26405.369    26426.373    26814.760
159  TIMe+G4       12836.389    87  25846.778    25867.782    26256.169
160  TIMe+I+G4     12801.472    88  25778.944    25800.461    26193.041
161  TIMe+R2       12879.558    88  25935.115    25956.632    26349.212
162  TIMe+R3       12803.532    90  25787.064    25809.626    26210.571
163  TIMe+R4       12784.791    92  25753.582    25777.217    26186.501
164  TIMe+R5       12784.567    94  25757.134    25781.871    26199.465
170  TIM+F         14028.977    89  28235.953    28257.989    28654.755
171  TIM+F+I       12905.613    90  25991.225    26013.787    26414.733
172  TIM+F+G4      12571.884    90  25323.769    25346.331    25747.276
173  TIM+F+I+G4    12536.929    91  25255.858    25278.953    25684.071
174  TIM+F+R2      12626.044    91  25434.087    25457.182    25862.300
175  TIM+F+R3      12543.281    93  25272.562    25296.744    25710.186
176  TIM+F+R4      12520.550    95  25231.100    25256.398    25678.135
177  TIM+F+R5      12520.288    97  25234.575    25261.018    25691.022
183  TIM2e         13919.788    86  28011.575    28032.074    28416.260
184  TIM2e+I       12910.715    87  25995.430    26016.434    26404.820
185  TIM2e+G4      12646.576    87  25467.151    25488.156    25876.542
186  TIM2e+I+G4    12608.271    88  25392.542    25414.059    25806.638
187  TIM2e+R2      12685.267    88  25546.533    25568.050    25960.630
188  TIM2e+R3      12611.891    90  25403.782    25426.344    25827.290
189  TIM2e+R4      12594.586    92  25373.172    25396.807    25806.091
190  TIM2e+R5      12594.519    94  25377.038    25401.775    25819.368
196  TIM2+F        13901.893    89  27981.785    28003.821    28400.587
197  TIM2+F+I      12823.119    90  25826.238    25848.800    26249.745
198  TIM2+F+G4     12521.959    90  25223.917    25246.479    25647.425
199  TIM2+F+I+G4   12487.587    91  25157.174    25180.269    25585.387
200  TIM2+F+R2     12569.387    91  25320.773    25343.868    25748.986
201  TIM2+F+R3     12492.998    93  25171.996    25196.178    25609.620
202  TIM2+F+R4     12471.050    95  25132.100    25157.398    25579.135
203  TIM2+F+R5     12471.037    97  25136.074    25162.516    25592.521
209  TIM3e         14182.747    86  28537.494    28557.993    28942.179
210  TIM3e+I       13115.504    87  26405.008    26426.012    26814.398
211  TIM3e+G4      12834.070    87  25842.141    25863.145    26251.531
212  TIM3e+I+G4    12798.522    88  25773.044    25794.561    26187.140
213  TIM3e+R2      12879.040    88  25934.079    25955.596    26348.175
214  TIM3e+R3      12800.771    90  25781.542    25804.104    26205.049
215  TIM3e+R4      12781.758    92  25747.515    25771.151    26180.434
216  TIM3e+R5      12781.678    94  25751.356    25776.092    26193.686
222  TIM3+F        14030.271    89  28238.542    28260.578    28657.344
223  TIM3+F+I      12905.213    90  25990.426    26012.988    26413.933
224  TIM3+F+G4     12570.629    90  25321.257    25343.819    25744.765
225  TIM3+F+I+G4   12535.906    91  25253.811    25276.907    25682.025
226  TIM3+F+R2     12625.177    91  25432.355    25455.450    25860.568
227  TIM3+F+R3     12541.787    93  25269.574    25293.757    25707.199
228  TIM3+F+R4     12518.834    95  25227.667    25252.965    25674.703
229  TIM3+F+R5     12518.742    97  25231.484    25257.926    25687.931
235  TVMe          14055.963    87  28285.927    28306.931    28695.317
236  TVMe+I        13087.645    88  26351.290    26372.807    26765.386
237  TVMe+G4       12753.042    88  25682.085    25703.601    26096.181
238  TVMe+I+G4     12724.861    89  25627.722    25649.757    26046.523
239  TVMe+R2       12847.192    89  25872.384    25894.420    26291.186
240  TVMe+R3       12725.219    91  25632.438    25655.534    26060.652
241  TVMe+R4       12723.542    93  25633.084    25657.267    26070.709
248  TVM+F         13929.362    90  28038.724    28061.286    28462.231
249  TVM+F+I       12844.915    91  25871.831    25894.926    26300.044
250  TVM+F+G4      12532.850    91  25247.701    25270.796    25675.914
251  TVM+F+I+G4    12499.410    92  25182.820    25206.455    25615.739
252  TVM+F+R2      12585.470    92  25354.939    25378.575    25787.858
253  TVM+F+R3      12504.292    94  25196.585    25221.322    25638.915
254  TVM+F+R4      12488.512    96  25169.024    25194.891    25620.765
255  TVM+F+R5      12487.760    98  25171.519    25198.544    25632.672
261  SYM           13914.214    88  28004.427    28025.944    28418.524
262  SYM+I         12899.975    89  25977.951    25999.987    26396.753
263  SYM+G4        12635.814    89  25449.628    25471.664    25868.430
264  SYM+I+G4      12597.566    90  25375.131    25397.693    25798.639
265  SYM+R2        12676.703    90  25533.407    25555.969    25956.914
266  SYM+R3        12600.317    92  25384.634    25408.270    25817.553
267  SYM+R4        12584.987    94  25357.975    25382.711    25800.305
268  SYM+R5        12584.535    96  25361.071    25386.938    25812.812
274  GTR+F         13900.696    91  27983.391    28006.486    28411.604
275  GTR+F+I       12819.799    92  25823.599    25847.234    26256.517
276  GTR+F+G4      12519.224    92  25222.447    25246.083    25655.366
277  GTR+F+I+G4    12485.130    93  25156.261    25180.443    25593.885
278  GTR+F+R2      12567.163    93  25320.326    25344.508    25757.950
279  GTR+F+R3      12490.454    95  25170.908    25196.206    25617.943
280  GTR+F+R4      12469.271    97  25132.541    25158.983    25588.988
281  GTR+F+R5      12468.773    99  25135.547    25163.162    25601.405
Akaike Information Criterion:           TIM2+F+R4
Corrected Akaike Information Criterion: TIM2+F+R4
Bayesian Information Criterion:         TIM2+F+R4
Best-fit model: TIM2+F+R4 chosen according to BIC

All model information printed to MVAoutgroups.alignment.fasta.model.gz
CPU time for ModelFinder: 100.224 seconds (0h:1m:40s)
Wall-clock time for ModelFinder: 78.641 seconds (0h:1m:18s)

NOTE: 3 MB RAM (0 GB) is required!
Measuring multi-threading efficiency up to 20 CPU cores
Increase to 10 rounds for branch lengths
371 trees examined
Threads: 1 / Time: 20.036 sec / Speedup: 1.000 / Efficiency: 100% / LogL: -17316
Threads: 2 / Time: 13.937 sec / Speedup: 1.438 / Efficiency: 72% / LogL: -17316
Threads: 3 / Time: 14.028 sec / Speedup: 1.428 / Efficiency: 48% / LogL: -17316
BEST NUMBER OF THREADS: 2

Estimate model parameters (epsilon = 0.100)
1. Initial log-likelihood: -13773.607
2. Current log-likelihood: -12560.426
3. Current log-likelihood: -12532.349
4. Current log-likelihood: -12524.470
5. Current log-likelihood: -12519.213
6. Current log-likelihood: -12515.383
7. Current log-likelihood: -12513.841
8. Current log-likelihood: -12513.715
Optimal log-likelihood: -12513.609
Rate parameters:  A-C: 4.70540  A-G: 21.06269  A-T: 4.70540  C-G: 1.00000  C-T: 30.61594  G-T: 1.00000
Base frequencies:  A: 0.322  C: 0.243  G: 0.126  T: 0.308
Site proportion and rates:  (0.505,0.095) (0.039,0.770) (0.167,1.104) (0.288,2.559)
Parameters optimization took 8 rounds (0.886 sec)
Computing ML distances based on estimated model parameters... 0.029 sec
Computing BIONJ tree...
0.008 seconds
Log-likelihood of BIONJ tree: -12503.079
--------------------------------------------------------------------
|             INITIALIZING CANDIDATE TREE SET                      |
--------------------------------------------------------------------
Generating 98 parsimony trees... 0.495 second
Computing log-likelihood of 98 initial trees ... 1.075 seconds
Current best score: -12503.079

Do NNI search on 20 best initial trees
Estimate model parameters (epsilon = 0.100)
BETTER TREE FOUND at iteration 1: -12457.353
Estimate model parameters (epsilon = 0.100)
BETTER TREE FOUND at iteration 3: -12452.596
Iteration 10 / LogL: -12460.034 / Time: 0h:0m:53s
Iteration 20 / LogL: -12462.623 / Time: 0h:0m:53s
Finish initializing candidate tree set (18)
Current best tree score: -12452.596 / CPU time: 4.998
Number of iterations: 20
--------------------------------------------------------------------
|               OPTIMIZING CANDIDATE TREE SET                      |
--------------------------------------------------------------------
Iteration 30 / LogL: -12454.912 / Time: 0h:0m:55s (0h:2m:18s left)
Iteration 40 / LogL: -12453.304 / Time: 0h:0m:56s (0h:1m:30s left)
UPDATE BEST LOG-LIKELIHOOD: -12452.589
Iteration 50 / LogL: -12453.063 / Time: 0h:0m:57s (0h:1m:2s left)
Iteration 60 / LogL: -12455.298 / Time: 0h:0m:58s (0h:0m:42s left)
Iteration 70 / LogL: -12453.298 / Time: 0h:0m:59s (0h:0m:28s left)
Iteration 80 / LogL: -12452.746 / Time: 0h:1m:0s (0h:0m:17s left)
Iteration 90 / LogL: -12453.741 / Time: 0h:1m:1s (0h:0m:9s left)
Iteration 100 / LogL: -12452.598 / Time: 0h:1m:2s (0h:0m:1s left)
TREE SEARCH COMPLETED AFTER 104 ITERATIONS / Time: 0h:1m:3s

--------------------------------------------------------------------
|                    FINALIZING TREE SEARCH                        |
--------------------------------------------------------------------
Performs final model parameters optimization
Estimate model parameters (epsilon = 0.010)
1. Initial log-likelihood: -12452.589
2. Current log-likelihood: -12452.203
3. Current log-likelihood: -12451.953
4. Current log-likelihood: -12451.814
5. Current log-likelihood: -12451.644
6. Current log-likelihood: -12451.563
7. Current log-likelihood: -12451.434
8. Current log-likelihood: -12451.376
9. Current log-likelihood: -12451.265
10. Current log-likelihood: -12451.225
11. Current log-likelihood: -12451.146
12. Current log-likelihood: -12451.105
13. Current log-likelihood: -12451.068
14. Current log-likelihood: -12451.041
15. Current log-likelihood: -12450.977
16. Current log-likelihood: -12450.965
Optimal log-likelihood: -12450.949
Rate parameters:  A-C: 4.34841  A-G: 20.02852  A-T: 4.34841  C-G: 1.00000  C-T: 32.21960  G-T: 1.00000
Base frequencies:  A: 0.322  C: 0.243  G: 0.126  T: 0.308
Site proportion and rates:  (0.449,0.044) (0.173,0.586) (0.304,1.886) (0.074,4.128)
Parameters optimization took 16 rounds (1.262 sec)
BEST SCORE FOUND : -12450.949
Total tree length: 6.029

Total number of iterations: 104
CPU time used for tree search: 28.718 sec (0h:0m:28s)
Wall-clock time used for tree search: 14.546 sec (0h:0m:14s)
Total CPU time used: 123.118 sec (0h:2m:3s)
Total wall-clock time used: 64.755 sec (0h:1m:4s)

Analysis results written to: 
  IQ-TREE report:                MVAoutgroups.alignment.fasta.iqtree
  Maximum-likelihood tree:       MVAoutgroups.alignment.fasta.treefile
  Likelihood distances:          MVAoutgroups.alignment.fasta.mldist
  Screen log file:               MVAoutgroups.alignment.fasta.log

Date and Time: Sun Nov  1 19:03:52 2020
