IQ-TREE multicore version 1.6.12 for Linux 64-bit built Aug 15 2019
Developed by Bui Quang Minh, Nguyen Lam Tung, Olga Chernomor,
Heiko Schmidt, Dominik Schrempf, Michael Woodhams.

Host:    c03n07.grace.hpc.yale.internal (AVX, 125 GB RAM)
Command: iqtree -s MVAoutgroups.alignment.fasta -nt AUTO
Seed:    134058 (Using SPRNG - Scalable Parallel Random Number Generator)
Time:    Sun Nov  1 18:40:47 2020
Kernel:  AVX - auto-detect threads (20 CPU cores detected)

Reading alignment file MVAoutgroups.alignment.fasta ... Fasta format detected
Alignment most likely contains DNA/RNA sequences
Alignment has 43 sequences with 817 columns, 556 distinct patterns
435 parsimony-informative, 74 singleton sites, 308 constant sites
                                      Gap/Ambiguity  Composition  p-value
   1  Amphiuma_tridactylum_FJ951364.1         1.10%    passed     37.74%
   2  Pseudotriton_ruber_AY728220.1           1.35%    passed     95.05%
   3  Eurycea_cirrigera_KY885249.1            2.94%    passed     99.10%
   4  Aquiloeurycea_galeanae_AF451213.1      14.81%    passed     66.28%
   5  Plethodon_hoffmani_AF329333.1           1.84%    passed     88.18%
   6  Plethodon_wehrlei_AF329342.1            3.92%    passed     33.32%
   7  Plethodon_welleri_AF329343.1           14.32%    passed     34.41%
   8  Plethodon_dorsalis_DQ995101.1          20.69%    passed     41.62%
   9  Isthmura_bellii_AF451210.1             13.22%    passed     23.03%
  10  Phaeognathus_hubrichti_AY728233.1       0.49%    passed     28.86%
  11  Desmognathus_fuscus_AY728227.1          0.73%    failed      0.02%
  12  Ensatina_eschscholtzii_AY728216.1       1.10%    passed      9.50%
  13  Hydromantes_platycephalus_HM989517.1    1.59%    failed      0.00%
  14  Plethodon_ouachitae_AF329335.1          2.45%    failed      4.89%
  15  Plethodon_glutinosus_DQ995105.1        19.46%    passed     30.53%
  16  Plethodon_cylindraceus_DQ995100.1      19.46%    passed     11.72%
  17  Plethodon_kentucki_DQ995116.1          19.46%    passed     28.40%
  18  Plethodon_neomexicanus_AF329353.1       0.00%    passed     38.75%
  19  Plethodon_neomexicanus_AF329352.1       0.00%    passed     50.50%
  20  Plethodon_petraeus_AY728222.1           0.98%    passed     12.95%
  21  Plethodon_yonahlossee_AF329341.1       20.20%    passed     86.49%
  22  Plethodon_hubrichti_DQ995112.1         19.46%    passed     22.54%
  23  Plethodon                              19.71%    passed     45.52%
  24  Plethodon_websteri_DQ995167.1          19.71%    passed     23.15%
  25  Aneides                                10.77%    passed     91.96%
  26  Plethodon_idahoensis_DQ995113.1        20.81%    passed     51.71%
  27  Plethodon_vehiculum_AF329355.1          1.96%    passed     84.53%
  28  Plethodon_dunni_AF329344.1              0.12%    passed     92.59%
  29  Plethodon_elongatus_AY728223.1          1.22%    passed     79.20%
  30  Plethodon_stormi_AF329349.1             3.55%    passed     87.46%
  31  Aneides_lugubris_KF781809.1             1.84%    passed     15.09%
  32  Plethodon_larselli_AF329350.1           2.69%    passed     72.30%
  33  Aneides_ferreus_AF329324.1              4.41%    passed     76.52%
  34  Plethodon_shenandoah_MK493192.1         0.86%    passed     75.16%
  35  Plethodon_richmondi_AF329339.1          1.47%    passed     12.17%
  36  Aneides_aeneus_AF489624.1               2.08%    failed      2.07%
  37  Aneides_flavipunctatus_AF329326.1       1.71%    passed     24.40%
  38  Aneides_hardii_AY728226.1               1.96%    passed     74.59%
  39  Plethodon_cinereus_MN483063.1           0.86%    passed     78.51%
  40  Plethodon_serratus_AF329337.1           1.84%    passed     48.63%
  41  Aneides_aeneus_AF489627.1               2.20%    failed      4.89%
  42  Aneides_hardii_AF329327.1               1.96%    passed     84.87%
  43  Plethodon_vandykei_AF329354.1           7.59%    passed     30.57%
****  TOTAL                                   6.72%  5 sequences failed composition chi2 test (p-value<5%; df=3)


Create initial parsimony tree by phylogenetic likelihood library (PLL)... 0.005 seconds
NOTE: ModelFinder requires 7 MB RAM!
ModelFinder will test 286 DNA models (sample size: 817) ...
 No. Model         -LnL         df  AIC          AICc         BIC
Measuring multi-threading efficiency up to 20 CPU cores
Increase to 10 rounds for branch lengths
1189 trees examined
Threads: 1 / Time: 20.008 sec / Speedup: 1.000 / Efficiency: 100% / LogL: -20160
Threads: 2 / Time: 14.603 sec / Speedup: 1.370 / Efficiency: 69% / LogL: -20160
Threads: 3 / Time: 13.094 sec / Speedup: 1.528 / Efficiency: 51% / LogL: -20160
Threads: 4 / Time: 16.906 sec / Speedup: 1.184 / Efficiency: 30% / LogL: -20160
BEST NUMBER OF THREADS: 3

  1  JC            15108.937    83  30383.873    30402.896    30774.441
  2  JC+I          14124.158    84  28416.315    28435.823    28811.589
  3  JC+G4         13870.506    84  27909.013    27928.521    28304.286
  4  JC+I+G4       13839.644    85  27849.289    27869.289    28249.268
  5  JC+R2         13979.515    85  28129.031    28149.031    28529.010
  6  JC+R3         13863.708    87  27901.415    27922.419    28310.806
  7  JC+R4         13843.144    89  27864.287    27886.323    28283.089
  8  JC+R5         13837.372    91  27856.744    27879.839    28284.957
 14  F81+F         14935.166    86  30042.333    30062.831    30447.018
 15  F81+F+I       13910.451    87  27994.902    28015.906    28404.292
 16  F81+F+G4      13638.077    87  27450.153    27471.157    27859.544
 17  F81+F+I+G4    13605.326    88  27386.653    27408.169    27800.749
 18  F81+F+R2      13726.289    88  27628.579    27650.095    28042.675
 19  F81+F+R3      13609.136    90  27398.272    27420.834    27821.780
 20  F81+F+R4      13600.061    92  27384.122    27407.757    27817.041
 21  F81+F+R5      13600.002    94  27388.005    27412.742    27830.335
 27  K2P           14326.260    84  28820.520    28840.028    29215.794
 28  K2P+I         13302.544    85  26775.087    26795.087    27175.067
 29  K2P+G4        13000.923    85  26171.846    26191.846    26571.825
 30  K2P+I+G4      12967.163    86  26106.325    26126.824    26511.010
 31  K2P+R2        13093.870    86  26359.740    26380.238    26764.425
 32  K2P+R3        12969.699    88  26115.398    26136.915    26529.495
 33  K2P+R4        12963.732    90  26107.465    26130.027    26530.972
 40  HKY+F         14057.279    87  28288.559    28309.563    28697.949
 41  HKY+F+I       12933.037    88  26042.074    26063.590    26456.170
 42  HKY+F+G4      12603.960    88  25383.919    25405.436    25798.015
 43  HKY+F+I+G4    12568.079    89  25314.159    25336.194    25732.960
 44  HKY+F+R2      12687.121    89  25552.242    25574.278    25971.044
 45  HKY+F+R3      12574.657    91  25331.314    25354.409    25759.527
 46  HKY+F+R4      12557.903    93  25301.805    25325.988    25739.430
 47  HKY+F+R5      12557.395    95  25304.791    25330.089    25751.826
 53  TNe           14187.480    85  28544.959    28564.959    28944.939
 54  TNe+I         13126.718    86  26425.435    26445.934    26830.120
 55  TNe+G4        12860.897    86  25893.795    25914.293    26298.480
 56  TNe+I+G4      12825.500    87  25825.000    25846.004    26234.390
 57  TNe+R2        12920.236    87  26014.471    26035.475    26423.862
 58  TNe+R3        12826.806    89  25831.613    25853.648    26250.415
 59  TNe+R4        12810.970    91  25803.940    25827.035    26232.153
 60  TNe+R5        12810.557    93  25807.113    25831.296    26244.738
 66  TN+F          14029.379    88  28234.758    28256.275    28648.854
 67  TN+F+I        12910.240    89  25998.479    26020.515    26417.281
 68  TN+F+G4       12594.291    89  25366.583    25388.618    25785.385
 69  TN+F+I+G4     12557.911    90  25295.822    25318.384    25719.329
 70  TN+F+R2       12653.490    90  25486.981    25509.543    25910.488
 71  TN+F+R3       12564.033    92  25312.066    25335.702    25744.985
 72  TN+F+R4       12543.467    94  25274.933    25299.670    25717.264
 73  TN+F+R5       12542.960    96  25277.921    25303.787    25729.662
 79  K3P           14320.449    85  28810.898    28830.898    29210.877
 80  K3P+I         13296.004    86  26764.007    26784.506    27168.692
 81  K3P+G4        12994.148    86  26160.296    26180.794    26564.981
 82  K3P+I+G4      12960.082    87  26094.165    26115.169    26503.556
 83  K3P+R2        13062.797    87  26299.594    26320.598    26708.985
 84  K3P+R3        12961.218    89  26100.437    26122.473    26519.239
 85  K3P+R4        12955.173    91  26092.346    26115.441    26520.559
 92  K3Pu+F        14056.599    88  28289.198    28310.714    28703.294
 93  K3Pu+F+I      12931.617    89  26041.235    26063.271    26460.037
 94  K3Pu+F+G4     12603.317    89  25384.633    25406.669    25803.435
 95  K3Pu+F+I+G4   12567.462    90  25314.924    25337.486    25738.431
 96  K3Pu+F+R2     12656.406    90  25492.811    25515.373    25916.319
 97  K3Pu+F+R3     12572.743    92  25329.486    25353.122    25762.405
 98  K3Pu+F+R4     12555.372    94  25298.744    25323.481    25741.074
 99  K3Pu+F+R5     12554.976    96  25301.952    25327.819    25753.693
105  TPM2+F        13930.183    88  28036.366    28057.883    28450.462
106  TPM2+F+I      12850.648    89  25879.297    25901.333    26298.099
107  TPM2+F+G4     12558.350    89  25294.701    25316.737    25713.503
108  TPM2+F+I+G4   12522.367    90  25224.734    25247.296    25648.242
109  TPM2+F+R2     12599.870    90  25379.740    25402.302    25803.248
110  TPM2+F+R3     12527.008    92  25238.016    25261.651    25670.935
111  TPM2+F+R4     12510.392    94  25208.784    25233.521    25651.114
112  TPM2+F+R5     12510.240    96  25212.481    25238.347    25664.222
118  TPM2u+F       13930.183    88  28036.366    28057.882    28450.462
119  TPM2u+F+I     12850.653    89  25879.305    25901.341    26298.107
120  TPM2u+F+G4    12558.347    89  25294.694    25316.729    25713.495
121  TPM2u+F+I+G4  12522.362    90  25224.725    25247.287    25648.232
122  TPM2u+F+R2    12599.834    90  25379.668    25402.230    25803.176
123  TPM2u+F+R3    12526.942    92  25237.884    25261.520    25670.803
124  TPM2u+F+R4    12510.160    94  25208.321    25233.058    25650.651
125  TPM2u+F+R5    12510.076    96  25212.152    25238.019    25663.893
131  TPM3+F        14057.215    88  28290.430    28311.947    28704.526
132  TPM3+F+I      12931.036    89  26040.071    26062.107    26458.873
133  TPM3+F+G4     12601.883    89  25381.766    25403.801    25800.568
134  TPM3+F+I+G4   12565.975    90  25311.950    25334.512    25735.458
135  TPM3+F+R2     12649.297    90  25478.595    25501.157    25902.102
136  TPM3+F+R3     12570.935    92  25325.871    25349.506    25758.790
137  TPM3+F+R4     12553.259    94  25294.519    25319.256    25736.849
138  TPM3+F+R5     12553.173    96  25298.347    25324.213    25750.088
144  TPM3u+F       14057.215    88  28290.431    28311.947    28704.527
145  TPM3u+F+I     12931.036    89  26040.072    26062.107    26458.873
146  TPM3u+F+G4    12601.883    89  25381.766    25403.802    25800.568
147  TPM3u+F+I+G4  12565.972    90  25311.944    25334.506    25735.452
148  TPM3u+F+R2    12649.256    90  25478.511    25501.073    25902.019
149  TPM3u+F+R3    12570.894    92  25325.789    25349.424    25758.707
150  TPM3u+F+R4    12553.239    94  25294.479    25319.216    25736.809
151  TPM3u+F+R5    12553.163    96  25298.327    25324.193    25750.068
157  TIMe          14181.422    86  28534.844    28555.343    28939.529
158  TIMe+I        13119.803    87  26413.605    26434.609    26822.996
159  TIMe+G4       12854.347    87  25882.693    25903.697    26292.084
160  TIMe+I+G4     12819.186    88  25814.372    25835.888    26228.468
161  TIMe+R2       12890.826    88  25957.651    25979.168    26371.747
162  TIMe+R3       12818.487    90  25816.973    25839.535    26240.481
163  TIMe+R4       12802.767    92  25789.535    25813.170    26222.453
164  TIMe+R5       12802.622    94  25793.243    25817.980    26235.573
170  TIM+F         14028.660    89  28235.320    28257.355    28654.121
171  TIM+F+I       12908.717    90  25997.433    26019.995    26420.941
172  TIM+F+G4      12593.623    90  25367.245    25389.807    25790.753
173  TIM+F+I+G4    12557.392    91  25296.785    25319.880    25724.998
174  TIM+F+R2      12636.017    91  25454.034    25477.129    25882.247
175  TIM+F+R3      12562.050    93  25310.100    25334.283    25747.725
176  TIM+F+R4      12540.899    95  25271.798    25297.097    25718.834
177  TIM+F+R5      12540.856    97  25275.713    25302.155    25732.160
183  TIM2e         13924.091    86  28020.181    28040.680    28424.866
184  TIM2e+I       12915.534    87  26005.069    26026.073    26414.459
185  TIM2e+G4      12664.395    87  25502.789    25523.793    25912.180
186  TIM2e+I+G4    12624.759    88  25425.518    25447.034    25839.614
187  TIM2e+R2      12697.346    88  25570.693    25592.209    25984.789
188  TIM2e+R3      12626.464    90  25432.929    25455.491    25856.436
189  TIM2e+R4      12610.601    92  25405.201    25428.836    25838.120
190  TIM2e+R5      12610.547    94  25409.095    25433.832    25851.425
196  TIM2+F        13903.357    89  27984.713    28006.749    28403.515
197  TIM2+F+I      12827.377    90  25834.755    25857.317    26258.262
198  TIM2+F+G4     12542.979    90  25265.957    25288.519    25689.465
199  TIM2+F+I+G4   12508.313    91  25198.625    25221.720    25626.838
200  TIM2+F+R2     12582.305    91  25346.611    25369.706    25774.824
201  TIM2+F+R3     12510.894    93  25207.788    25231.970    25645.412
202  TIM2+F+R4     12490.858    95  25171.715    25197.013    25618.751
203  TIM2+F+R5     12490.837    97  25175.673    25202.115    25632.120
209  TIM3e         14184.788    86  28541.576    28562.075    28946.261
210  TIM3e+I       13119.061    87  26412.121    26433.125    26821.512
211  TIM3e+G4      12852.174    87  25878.349    25899.353    26287.739
212  TIM3e+I+G4    12816.052    88  25808.103    25829.620    26222.199
213  TIM3e+R2      12890.520    88  25957.039    25978.556    26371.136
214  TIM3e+R3      12815.589    90  25811.178    25833.740    26234.685
215  TIM3e+R4      12799.614    92  25783.228    25806.863    26216.147
216  TIM3e+R5      12799.535    94  25787.070    25811.807    26229.400
222  TIM3+F        14029.311    89  28236.623    28258.658    28655.425
223  TIM3+F+I      12908.118    90  25996.236    26018.797    26419.743
224  TIM3+F+G4     12592.494    90  25364.987    25387.549    25788.495
225  TIM3+F+I+G4   12556.252    91  25294.504    25317.599    25722.717
226  TIM3+F+R2     12635.469    91  25452.938    25476.034    25881.151
227  TIM3+F+R3     12560.527    93  25307.054    25331.237    25744.679
228  TIM3+F+R4     12539.302    95  25268.604    25293.902    25715.640
229  TIM3+F+R5     12539.238    97  25272.476    25298.918    25728.923
235  TVMe          14058.252    87  28290.505    28311.509    28699.895
236  TVMe+I        13090.825    88  26357.649    26379.166    26771.746
237  TVMe+G4       12767.594    88  25711.189    25732.705    26125.285
238  TVMe+I+G4     12738.728    89  25655.455    25677.491    26074.257
239  TVMe+R2       12861.683    89  25901.365    25923.401    26320.167
240  TVMe+R3       12737.636    91  25657.271    25680.366    26085.484
241  TVMe+R4       12736.313    93  25658.626    25682.809    26096.250
248  TVM+F         13929.052    90  28038.105    28060.667    28461.612
249  TVM+F+I       12847.693    91  25877.386    25900.481    26305.599
250  TVM+F+G4      12555.259    91  25292.519    25315.614    25720.732
251  TVM+F+I+G4    12519.227    92  25222.454    25246.089    25655.373
252  TVM+F+R2      12597.611    92  25379.222    25402.858    25812.141
253  TVM+F+R3      12523.552    94  25235.105    25259.842    25677.435
254  TVM+F+R4      12507.273    96  25206.545    25232.412    25658.286
255  TVM+F+R5      12506.445    98  25208.890    25235.915    25670.043
261  SYM           13919.969    88  28015.938    28037.454    28430.034
262  SYM+I         12906.195    89  25990.391    26012.427    26409.193
263  SYM+G4        12653.982    89  25485.965    25508.000    25904.767
264  SYM+I+G4      12613.895    90  25407.790    25430.352    25831.298
265  SYM+R2        12688.653    90  25557.306    25579.868    25980.813
266  SYM+R3        12615.156    92  25414.313    25437.948    25847.232
267  SYM+R4        12600.900    94  25389.800    25414.537    25832.130
268  SYM+R5        12600.418    96  25392.835    25418.702    25844.577
274  GTR+F         13902.213    91  27986.427    28009.522    28414.640
275  GTR+F+I       12824.289    92  25832.578    25856.213    26265.496
276  GTR+F+G4      12540.358    92  25264.717    25288.352    25697.635
277  GTR+F+I+G4    12505.621    93  25197.242    25221.425    25634.867
278  GTR+F+R2      12580.268    93  25346.537    25370.719    25784.161
279  GTR+F+R3      12508.336    95  25206.672    25231.970    25653.708
280  GTR+F+R4      12489.080    97  25172.159    25198.602    25628.606
281  GTR+F+R5      12488.393    99  25174.786    25202.401    25640.645
Akaike Information Criterion:           TIM2+F+R4
Corrected Akaike Information Criterion: TIM2+F+R4
Bayesian Information Criterion:         TIM2+F+R4
Best-fit model: TIM2+F+R4 chosen according to BIC

All model information printed to MVAoutgroups.alignment.fasta.model.gz
CPU time for ModelFinder: 220.436 seconds (0h:3m:40s)
Wall-clock time for ModelFinder: 85.914 seconds (0h:1m:25s)

NOTE: 3 MB RAM (0 GB) is required!
Measuring multi-threading efficiency up to 20 CPU cores
Increase to 10 rounds for branch lengths
366 trees examined
Threads: 1 / Time: 20.040 sec / Speedup: 1.000 / Efficiency: 100% / LogL: -17096
Threads: 2 / Time: 13.549 sec / Speedup: 1.479 / Efficiency: 74% / LogL: -17096
Threads: 3 / Time: 8.688 sec / Speedup: 2.307 / Efficiency: 77% / LogL: -17096
Threads: 4 / Time: 9.458 sec / Speedup: 2.119 / Efficiency: 53% / LogL: -17096
Threads: 5 / Time: 9.225 sec / Speedup: 2.172 / Efficiency: 43% / LogL: -17096
BEST NUMBER OF THREADS: 3

Estimate model parameters (epsilon = 0.100)
1. Initial log-likelihood: -13792.575
2. Current log-likelihood: -12584.081
3. Current log-likelihood: -12552.003
4. Current log-likelihood: -12544.354
5. Current log-likelihood: -12539.308
6. Current log-likelihood: -12536.585
7. Current log-likelihood: -12536.115
8. Current log-likelihood: -12535.993
Optimal log-likelihood: -12535.887
Rate parameters:  A-C: 4.63840  A-G: 20.62337  A-T: 4.63840  C-G: 1.00000  C-T: 30.03146  G-T: 1.00000
Base frequencies:  A: 0.322  C: 0.243  G: 0.126  T: 0.308
Site proportion and rates:  (0.505,0.097) (0.035,0.752) (0.157,1.082) (0.304,2.486)
Parameters optimization took 8 rounds (0.465 sec)
Computing ML distances based on estimated model parameters... 0.034 sec
Computing BIONJ tree...
0.005 seconds
Log-likelihood of BIONJ tree: -12506.807
--------------------------------------------------------------------
|             INITIALIZING CANDIDATE TREE SET                      |
--------------------------------------------------------------------
Generating 98 parsimony trees... 0.486 second
Computing log-likelihood of 98 initial trees ... 0.703 seconds
Current best score: -12506.752

Do NNI search on 20 best initial trees
Estimate model parameters (epsilon = 0.100)
BETTER TREE FOUND at iteration 1: -12457.724
Estimate model parameters (epsilon = 0.100)
BETTER TREE FOUND at iteration 2: -12454.900
Estimate model parameters (epsilon = 0.100)
BETTER TREE FOUND at iteration 3: -12451.722
Iteration 10 / LogL: -12458.224 / Time: 0h:1m:4s
Iteration 20 / LogL: -12464.419 / Time: 0h:1m:4s
Finish initializing candidate tree set (19)
Current best tree score: -12451.722 / CPU time: 3.453
Number of iterations: 20
--------------------------------------------------------------------
|               OPTIMIZING CANDIDATE TREE SET                      |
--------------------------------------------------------------------
Iteration 30 / LogL: -12452.170 / Time: 0h:1m:5s (0h:2m:45s left)
Iteration 40 / LogL: -12453.295 / Time: 0h:1m:6s (0h:1m:47s left)
UPDATE BEST LOG-LIKELIHOOD: -12451.721
Iteration 50 / LogL: -12452.369 / Time: 0h:1m:7s (0h:1m:12s left)
Iteration 60 / LogL: -12454.598 / Time: 0h:1m:7s (0h:0m:49s left)
UPDATE BEST LOG-LIKELIHOOD: -12451.720
Iteration 70 / LogL: -12451.763 / Time: 0h:1m:8s (0h:0m:32s left)
Iteration 80 / LogL: -12453.793 / Time: 0h:1m:9s (0h:0m:20s left)
Iteration 90 / LogL: -12451.832 / Time: 0h:1m:9s (0h:0m:10s left)
Iteration 100 / LogL: -12452.084 / Time: 0h:1m:10s (0h:0m:2s left)
TREE SEARCH COMPLETED AFTER 104 ITERATIONS / Time: 0h:1m:10s

--------------------------------------------------------------------
|                    FINALIZING TREE SEARCH                        |
--------------------------------------------------------------------
Performs final model parameters optimization
Estimate model parameters (epsilon = 0.010)
1. Initial log-likelihood: -12451.720
2. Current log-likelihood: -12451.410
3. Current log-likelihood: -12451.273
4. Current log-likelihood: -12451.154
5. Current log-likelihood: -12451.066
6. Current log-likelihood: -12450.972
7. Current log-likelihood: -12450.906
8. Current log-likelihood: -12450.827
9. Current log-likelihood: -12450.770
10. Current log-likelihood: -12450.713
11. Current log-likelihood: -12450.660
12. Current log-likelihood: -12450.644
13. Current log-likelihood: -12450.603
14. Current log-likelihood: -12450.581
15. Current log-likelihood: -12450.559
16. Current log-likelihood: -12450.525
17. Current log-likelihood: -12450.515
18. Current log-likelihood: -12450.480
Optimal log-likelihood: -12450.468
Rate parameters:  A-C: 4.42521  A-G: 20.41128  A-T: 4.42521  C-G: 1.00000  C-T: 32.89732  G-T: 1.00000
Base frequencies:  A: 0.322  C: 0.243  G: 0.126  T: 0.308
Site proportion and rates:  (0.447,0.042) (0.175,0.580) (0.305,1.887) (0.073,4.155)
Parameters optimization took 18 rounds (0.772 sec)
BEST SCORE FOUND : -12450.468
Total tree length: 6.040

Total number of iterations: 104
CPU time used for tree search: 27.630 sec (0h:0m:27s)
Wall-clock time used for tree search: 9.441 sec (0h:0m:9s)
Total CPU time used: 189.150 sec (0h:3m:9s)
Total wall-clock time used: 71.686 sec (0h:1m:11s)

Analysis results written to: 
  IQ-TREE report:                MVAoutgroups.alignment.fasta.iqtree
  Maximum-likelihood tree:       MVAoutgroups.alignment.fasta.treefile
  Likelihood distances:          MVAoutgroups.alignment.fasta.mldist
  Screen log file:               MVAoutgroups.alignment.fasta.log

Date and Time: Sun Nov  1 18:43:24 2020
